app/build/outputs/logs/manifest-merger-debug-report.txt
-- Merging decision tree log ---
manifest
ADDED from src/main/AndroidManifest.xml:20:1-152:12
	package
		ADDED from src/main/AndroidManifest.xml:22:5-36
		INJECTED from src/main/AndroidManifest.xml
		INJECTED from src/main/AndroidManifest.xml
	android:versionName
		INJECTED from src/main/AndroidManifest.xml
		INJECTED from src/main/AndroidManifest.xml
	xmlns:android
		ADDED from src/main/AndroidManifest.xml:21:5-63
	android:versionCode
		INJECTED from src/main/AndroidManifest.xml
		INJECTED from src/main/AndroidManifest.xml
permission#com.testing.launcher.permission.READ_SETTINGS
ADDED from src/main/AndroidManifest.xml:24:5-29:63
	android:label
		ADDED from src/main/AndroidManifest.xml:28:9-54
	android:protectionLevel
		ADDED from src/main/AndroidManifest.xml:27:9-41
	android:permissionGroup
		ADDED from src/main/AndroidManifest.xml:26:9-72
	android:description
		ADDED from src/main/AndroidManifest.xml:29:9-61
	android:name
		ADDED from src/main/AndroidManifest.xml:25:9-69
permission#com.testing.launcher.permission.WRITE_SETTINGS
ADDED from src/main/AndroidManifest.xml:30:5-35:64
	android:label
		ADDED from src/main/AndroidManifest.xml:34:9-55
	android:protectionLevel
		ADDED from src/main/AndroidManifest.xml:33:9-52
	android:permissionGroup
		ADDED from src/main/AndroidManifest.xml:32:9-72
	android:description
		ADDED from src/main/AndroidManifest.xml:35:9-62
	android:name
		ADDED from src/main/AndroidManifest.xml:31:9-70
uses-permission#com.android.launcher.permission.READ_SETTINGS
ADDED from src/main/AndroidManifest.xml:37:5-85
	android:name
		ADDED from src/main/AndroidManifest.xml:37:22-82
uses-permission#com.android.launcher.permission.WRITE_SETTINGS
ADDED from src/main/AndroidManifest.xml:38:5-86
	android:name
		ADDED from src/main/AndroidManifest.xml:38:22-83
uses-permission#com.testing.launcher.permission.READ_SETTINGS
ADDED from src/main/AndroidManifest.xml:39:5-85
	android:name
		ADDED from src/main/AndroidManifest.xml:39:22-82
uses-permission#com.testing.launcher.permission.WRITE_SETTINGS
ADDED from src/main/AndroidManifest.xml:40:5-86
	android:name
		ADDED from src/main/AndroidManifest.xml:40:22-83
application
ADDED from src/main/AndroidManifest.xml:42:5-151:19
MERGED from [com.android.support:support-v4:25.3.1] AndroidManifest.xml:29:5-20
MERGED from [com.android.support:support-fragment:25.3.1] AndroidManifest.xml:29:5-20
MERGED from [com.android.support:support-media-compat:25.3.1] AndroidManifest.xml:29:5-20
MERGED from [com.android.support:palette-v7:25.3.1] AndroidManifest.xml:26:5-20
MERGED from [com.android.support:support-core-utils:25.3.1] AndroidManifest.xml:29:5-20
MERGED from [com.android.support:support-core-ui:25.3.1] AndroidManifest.xml:29:5-20
MERGED from [com.android.support:support-compat:25.3.1] AndroidManifest.xml:29:5-20
	android:backupAgent
		ADDED from src/main/AndroidManifest.xml:43:9-72
	android:label
		ADDED from src/main/AndroidManifest.xml:48:9-49
	android:supportsRtl
		ADDED from src/main/AndroidManifest.xml:51:9-35
	android:hardwareAccelerated
		ADDED from src/main/AndroidManifest.xml:46:9-43
	android:fullBackupContent
		ADDED from src/main/AndroidManifest.xml:45:9-54
	android:icon
		ADDED from src/main/AndroidManifest.xml:47:9-48
	android:largeHeap
		ADDED from src/main/AndroidManifest.xml:49:9-51
	android:restoreAnyVersion
		ADDED from src/main/AndroidManifest.xml:50:9-41
	android:fullBackupOnly
		ADDED from src/main/AndroidManifest.xml:44:9-38
activity#com.android.launcher3.Launcher
ADDED from src/main/AndroidManifest.xml:57:9-76:20
	android:clearTaskOnLaunch
		ADDED from src/main/AndroidManifest.xml:60:13-45
	android:enabled
		ADDED from src/main/AndroidManifest.xml:68:13-35
	android:screenOrientation
		ADDED from src/main/AndroidManifest.xml:64:13-49
	android:stateNotNeeded
		ADDED from src/main/AndroidManifest.xml:61:13-42
	android:launchMode
		ADDED from src/main/AndroidManifest.xml:59:13-44
	android:windowSoftInputMode
		ADDED from src/main/AndroidManifest.xml:63:13-52
	android:resumeWhilePausing
		ADDED from src/main/AndroidManifest.xml:66:13-46
	android:configChanges
		ADDED from src/main/AndroidManifest.xml:65:13-71
	android:theme
		ADDED from src/main/AndroidManifest.xml:62:13-49
	android:taskAffinity
		ADDED from src/main/AndroidManifest.xml:67:13-36
	android:name
		ADDED from src/main/AndroidManifest.xml:58:13-58
intent-filter#android.intent.action.MAIN+android.intent.category.DEFAULT+android.intent.category.HOME+android.intent.category.LAUNCHER+android.intent.category.MONKEY
ADDED from src/main/AndroidManifest.xml:69:13-75:29
action#android.intent.action.MAIN
ADDED from src/main/AndroidManifest.xml:70:17-69
	android:name
		ADDED from src/main/AndroidManifest.xml:70:25-66
category#android.intent.category.LAUNCHER
ADDED from src/main/AndroidManifest.xml:71:17-76
	android:name
		ADDED from src/main/AndroidManifest.xml:71:27-74
category#android.intent.category.HOME
ADDED from src/main/AndroidManifest.xml:72:17-73
	android:name
		ADDED from src/main/AndroidManifest.xml:72:27-70
category#android.intent.category.DEFAULT
ADDED from src/main/AndroidManifest.xml:73:17-76
	android:name
		ADDED from src/main/AndroidManifest.xml:73:27-73
category#android.intent.category.MONKEY
ADDED from src/main/AndroidManifest.xml:74:17-74
	android:name
		ADDED from src/main/AndroidManifest.xml:74:27-72
activity#com.android.launcher3.SettingsActivity
ADDED from src/main/AndroidManifest.xml:81:9-89:20
	android:label
		ADDED from src/main/AndroidManifest.xml:83:13-57
	android:autoRemoveFromRecents
		ADDED from src/main/AndroidManifest.xml:84:13-49
	android:name
		ADDED from src/main/AndroidManifest.xml:82:13-66
intent-filter#android.intent.action.APPLICATION_PREFERENCES+android.intent.category.DEFAULT
ADDED from src/main/AndroidManifest.xml:85:13-88:29
action#android.intent.action.APPLICATION_PREFERENCES
ADDED from src/main/AndroidManifest.xml:86:17-88
	android:name
		ADDED from src/main/AndroidManifest.xml:86:25-85
provider#com.android.launcher3.LauncherProvider
ADDED from src/main/AndroidManifest.xml:96:9-101:87
	android:readPermission
		ADDED from src/main/AndroidManifest.xml:101:13-84
	android:authorities
		ADDED from src/main/AndroidManifest.xml:98:13-65
	android:exported
		ADDED from src/main/AndroidManifest.xml:99:13-36
	android:name
		ADDED from src/main/AndroidManifest.xml:97:13-66
	android:writePermission
		ADDED from src/main/AndroidManifest.xml:100:13-86
uses-sdk
INJECTED from src/main/AndroidManifest.xml reason: use-sdk injection requested
MERGED from [com.android.support:support-v4:25.3.1] AndroidManifest.xml:21:5-23:54
MERGED from [com.android.support:support-fragment:25.3.1] AndroidManifest.xml:21:5-23:60
MERGED from [com.android.support:support-media-compat:25.3.1] AndroidManifest.xml:21:5-23:63
MERGED from [com.android.support:palette-v7:25.3.1] AndroidManifest.xml:20:5-43
MERGED from [com.android.support:support-core-utils:25.3.1] AndroidManifest.xml:21:5-23:61
MERGED from [com.android.support:recyclerview-v7:25.3.1] AndroidManifest.xml:20:5-43
MERGED from [com.android.support:support-core-ui:25.3.1] AndroidManifest.xml:21:5-23:58
MERGED from [com.android.support:support-compat:25.3.1] AndroidManifest.xml:21:5-23:58
	tools:overrideLibrary
		ADDED from [com.android.support:support-v4:25.3.1] AndroidManifest.xml:23:9-51
	android:targetSdkVersion
		INJECTED from src/main/AndroidManifest.xml
		INJECTED from src/main/AndroidManifest.xml
	android:minSdkVersion
		INJECTED from src/main/AndroidManifest.xml
		INJECTED from src/main/AndroidManifest.xml
meta-data#android.support.VERSION
ADDED from [com.android.support:support-v4:25.3.1] AndroidManifest.xml:25:5-27:34
MERGED from [com.android.support:support-fragment:25.3.1] AndroidManifest.xml:25:5-27:34
MERGED from [com.android.support:support-media-compat:25.3.1] AndroidManifest.xml:25:5-27:34
MERGED from [com.android.support:palette-v7:25.3.1] AndroidManifest.xml:22:5-24:34
MERGED from [com.android.support:support-core-utils:25.3.1] AndroidManifest.xml:25:5-27:34
MERGED from [com.android.support:recyclerview-v7:25.3.1] AndroidManifest.xml:22:5-24:34
MERGED from [com.android.support:support-core-ui:25.3.1] AndroidManifest.xml:25:5-27:34
MERGED from [com.android.support:support-compat:25.3.1] AndroidManifest.xml:25:5-27:34
	android:value
		ADDED from [com.android.support:support-v4:25.3.1] AndroidManifest.xml:27:9-31
	android:name
		ADDED from [com.android.support:support-v4:25.3.1] AndroidManifest.xml:26:9-47